
####################### 27 March 2024 06:51:38 GMT#######################
NodeDaemon: Started Node Daemon

####################### 27 March 2024 06:51:38 GMT#######################
NodeDaemonHandler.getNodeId() 

####################### 27 March 2024 06:51:38 GMT#######################
 NodeId is : 01b8bc-934a78-615630-a412

####################### 27 March 2024 06:51:38 GMT#######################
NodeDaemonHandler.getStaticNodeId() 01b8bc-934a78-615630-a412

####################### 27 March 2024 06:51:38 GMT#######################
NodeDaemon: Started all threads

####################### 02 April 2024 06:34:46 GMT#######################
NodeDaemon: Started Node Daemon

####################### 02 April 2024 06:34:46 GMT#######################
NodeDaemonHandler.getNodeId() 

####################### 02 April 2024 06:34:46 GMT#######################
 NodeId is : 01b8bc-934a78-615630-a412

####################### 02 April 2024 06:34:46 GMT#######################
NodeDaemonHandler.getStaticNodeId() 01b8bc-934a78-615630-a412

####################### 02 April 2024 06:34:46 GMT#######################
NodeDaemon: Started all threads

####################### 02 April 2024 07:55:00 GMT#######################
NodeDaemon: Started Node Daemon

####################### 02 April 2024 07:55:00 GMT#######################
NodeDaemonHandler.getNodeId() 

####################### 02 April 2024 07:55:00 GMT#######################
 NodeId is : 01b8bc-934a78-615630-a412

####################### 02 April 2024 07:55:00 GMT#######################
NodeDaemonHandler.getStaticNodeId() 01b8bc-934a78-615630-a412

####################### 02 April 2024 07:55:00 GMT#######################
NodeDaemon: Started all threads

####################### 02 April 2024 08:02:52 GMT#######################
NodeDaemon: Started Node Daemon

####################### 02 April 2024 08:02:53 GMT#######################
NodeDaemonHandler.getNodeId() 

####################### 02 April 2024 08:02:53 GMT#######################
 NodeId is : 01b8bc-934a78-615630-a412

####################### 02 April 2024 08:02:53 GMT#######################
NodeDaemonHandler.getStaticNodeId() 01b8bc-934a78-615630-a412

####################### 02 April 2024 08:02:53 GMT#######################
NodeDaemon: Started all threads

####################### 02 April 2024 08:06:08 GMT#######################
NodeDaemon: Started Node Daemon

####################### 02 April 2024 08:06:09 GMT#######################
NodeDaemonHandler.getNodeId() 

####################### 02 April 2024 08:06:09 GMT#######################
 NodeId is : 01b8bc-934a78-615630-a412

####################### 02 April 2024 08:06:09 GMT#######################
NodeDaemonHandler.getStaticNodeId() 01b8bc-934a78-615630-a412

####################### 02 April 2024 08:06:09 GMT#######################
NodeDaemon: Started all threads

####################### 02 April 2024 08:17:01 GMT#######################
NodeDaemon: Started Node Daemon

####################### 02 April 2024 08:17:02 GMT#######################
NodeDaemonHandler.getNodeId() 

####################### 02 April 2024 08:17:02 GMT#######################
 NodeId is : 01b8bc-934a78-615630-a412

####################### 02 April 2024 08:17:02 GMT#######################
NodeDaemonHandler.getStaticNodeId() 01b8bc-934a78-615630-a412

####################### 02 April 2024 08:17:02 GMT#######################
NodeDaemon: Started all threads

####################### 03 April 2024 09:03:01 GMT#######################
NodeDaemon: Started Node Daemon

####################### 03 April 2024 09:03:02 GMT#######################
NodeDaemonHandler.getNodeId() 

####################### 03 April 2024 09:03:02 GMT#######################
 NodeId is : 01b8bc-934a78-615630-a412

####################### 03 April 2024 09:03:02 GMT#######################
NodeDaemonHandler.getStaticNodeId() 01b8bc-934a78-615630-a412

####################### 03 April 2024 09:03:02 GMT#######################
NodeDaemon: Started all threads

####################### 03 April 2024 14:45:14 GMT#######################
NodeDaemon: Started Node Daemon

####################### 03 April 2024 14:45:15 GMT#######################
NodeDaemonHandler.getNodeId() 

####################### 03 April 2024 14:45:15 GMT#######################
 NodeId is : 01b8bc-934a78-615630-a412

####################### 03 April 2024 14:45:15 GMT#######################
NodeDaemonHandler.getStaticNodeId() 01b8bc-934a78-615630-a412

####################### 03 April 2024 14:45:15 GMT#######################
NodeDaemon: Started all threads

####################### 05 April 2024 03:19:56 GMT#######################
NodeDaemon: Started Node Daemon

####################### 05 April 2024 03:19:57 GMT#######################
NodeDaemonHandler.getNodeId() 

####################### 05 April 2024 03:19:57 GMT#######################
 NodeId is : 01b8bc-934a78-615630-a412

####################### 05 April 2024 03:19:57 GMT#######################
NodeDaemonHandler.getStaticNodeId() 01b8bc-934a78-615630-a412

####################### 05 April 2024 03:19:57 GMT#######################
NodeDaemon: Started all threads

####################### 06 April 2024 23:24:46 GMT#######################
NodeDaemon: Started Node Daemon

####################### 06 April 2024 23:24:47 GMT#######################
NodeDaemonHandler.getNodeId() 

####################### 06 April 2024 23:24:47 GMT#######################
 NodeId is : 01b8bc-934a78-615630-a412

####################### 06 April 2024 23:24:47 GMT#######################
NodeDaemonHandler.getStaticNodeId() 01b8bc-934a78-615630-a412

####################### 06 April 2024 23:24:47 GMT#######################
NodeDaemon: Started all threads
